<?xml version="1.0" encoding="UTF-8"?>
<!-- Generated by org.testng.reporters.JUnitReportReporter -->
<testsuite hostname="DESKTOP-HMQ6S56" name="page.baidu.index" tests="1" failures="0" timestamp="6 May 2020 09:30:04 GMT" time="21.972" errors="0">
  <testcase name="baidu" time="21.972" classname="page.baidu.index"/>
</testsuite> <!-- page.baidu.index -->
